# JRE version: OpenJDK Runtime Environment Temurin-21.0.10+7 (21.0.10+7) (build 21.0.10+7-LTS)
# Java VM: OpenJDK 64-Bit Server VM Temurin-21.0.10+7 (21.0.10+7-LTS, mixed mode, sharing, tiered, compressed oops, compressed class ptrs, parallel gc, windows-amd64)
GC Precious Log:
 CardTable entry size: 512
 CPUs: 16 total, 16 available
 Memory: 16197M
 Large Page Support: Disabled
 NUMA Support: Disabled
 Compressed Oops: Enabled (32-bit)
 Alignments: Space 512K, Generation 512K, Heap 2M
 Heap Min Capacity: 100M
 Heap Initial Capacity: 100M
 Heap Max Capacity: 2G
 Pre-touch: Disabled
 Parallel Workers: 13
Heap:
 PSYoungGen      total 19968K, used 10674K [0x00000000d5580000, 0x00000000d6d00000, 0x0000000100000000)
  eden space 18944K, 52% used [0x00000000d5580000,0x00000000d5f2c860,0x00000000d6800000)
  from space 1024K, 75% used [0x00000000d6b80000,0x00000000d6c40010,0x00000000d6c80000)
  to   space 512K, 0% used [0x00000000d6c80000,0x00000000d6c80000,0x00000000d6d00000)
 ParOldGen       total 68608K, used 41996K [0x0000000080000000, 0x0000000084300000, 0x00000000d5580000)
  object space 68608K, 61% used [0x0000000080000000,0x00000000829032f8,0x0000000084300000)
 Metaspace       used 62609K, committed 64000K, reserved 1114112K
  class space    used 7481K, committed 8064K, reserved 1048576K
GC Heap History (20 events):
Event: 11.690 GC heap before
{Heap before GC invocations=25 (full 2):
 PSYoungGen      total 19968K, used 19954K [0x00000000d5580000, 0x00000000d7600000, 0x0000000100000000)
  eden space 18944K, 100% used [0x00000000d5580000,0x00000000d6800000,0x00000000d6800000)
  from space 1024K, 98% used [0x00000000d6d80000,0x00000000d6e7c880,0x00000000d6e80000)
  to   space 5632K, 0% used [0x00000000d6800000,0x00000000d6800000,0x00000000d6d80000)
 ParOldGen       total 68608K, used 31160K [0x0000000080000000, 0x0000000084300000, 0x00000000d5580000)
  object space 68608K, 45% used [0x0000000080000000,0x0000000081e6e080,0x0000000084300000)
 Metaspace       used 54931K, committed 56128K, reserved 1114112K
  class space    used 6239K, committed 6784K, reserved 1048576K
}
Event: 11.692 GC heap after
{Heap after GC invocations=25 (full 2):
 PSYoungGen      total 24576K, used 5009K [0x00000000d5580000, 0x00000000d7300000, 0x0000000100000000)
  eden space 18944K, 0% used [0x00000000d5580000,0x00000000d5580000,0x00000000d6800000)
  from space 5632K, 88% used [0x00000000d6800000,0x00000000d6ce4750,0x00000000d6d80000)
  to   space 5632K, 0% used [0x00000000d6d80000,0x00000000d6d80000,0x00000000d7300000)
 ParOldGen       total 68608K, used 32197K [0x0000000080000000, 0x0000000084300000, 0x00000000d5580000)
  object space 68608K, 46% used [0x0000000080000000,0x0000000081f71680,0x0000000084300000)
 Metaspace       used 54931K, committed 56128K, reserved 1114112K
  class space    used 6239K, committed 6784K, reserved 1048576K
}
Event: 12.191 GC heap before
{Heap before GC invocations=26 (full 2):
 PSYoungGen      total 24576K, used 23953K [0x00000000d5580000, 0x00000000d7300000, 0x0000000100000000)
  eden space 18944K, 100% used [0x00000000d5580000,0x00000000d6800000,0x00000000d6800000)
  from space 5632K, 88% used [0x00000000d6800000,0x00000000d6ce4750,0x00000000d6d80000)
  to   space 5632K, 0% used [0x00000000d6d80000,0x00000000d6d80000,0x00000000d7300000)
 ParOldGen       total 68608K, used 32197K [0x0000000080000000, 0x0000000084300000, 0x00000000d5580000)
  object space 68608K, 46% used [0x0000000080000000,0x0000000081f71680,0x0000000084300000)
 Metaspace       used 55746K, committed 56960K, reserved 1114112K
  class space    used 6373K, committed 6912K, reserved 1048576K
}
Event: 12.195 GC heap after
{Heap after GC invocations=26 (full 2):
 PSYoungGen      total 19968K, used 832K [0x00000000d5580000, 0x00000000d6e80000, 0x0000000100000000)
  eden space 18944K, 0% used [0x00000000d5580000,0x00000000d5580000,0x00000000d6800000)
  from space 1024K, 81% used [0x00000000d6d80000,0x00000000d6e50000,0x00000000d6e80000)
  to   space 2560K, 0% used [0x00000000d6980000,0x00000000d6980000,0x00000000d6c00000)
 ParOldGen       total 68608K, used 37016K [0x0000000080000000, 0x0000000084300000, 0x00000000d5580000)
  object space 68608K, 53% used [0x0000000080000000,0x0000000082426110,0x0000000084300000)
 Metaspace       used 55746K, committed 56960K, reserved 1114112K
  class space    used 6373K, committed 6912K, reserved 1048576K
}
Event: 12.940 GC heap before
{Heap before GC invocations=27 (full 2):
 PSYoungGen      total 19968K, used 19776K [0x00000000d5580000, 0x00000000d6e80000, 0x0000000100000000)
  eden space 18944K, 100% used [0x00000000d5580000,0x00000000d6800000,0x00000000d6800000)
  from space 1024K, 81% used [0x00000000d6d80000,0x00000000d6e50000,0x00000000d6e80000)
  to   space 2560K, 0% used [0x00000000d6980000,0x00000000d6980000,0x00000000d6c00000)
 ParOldGen       total 68608K, used 37016K [0x0000000080000000, 0x0000000084300000, 0x00000000d5580000)
  object space 68608K, 53% used [0x0000000080000000,0x0000000082426110,0x0000000084300000)
 Metaspace       used 55770K, committed 57024K, reserved 1114112K
  class space    used 6373K, committed 6912K, reserved 1048576K
}
Event: 12.942 GC heap after
{Heap after GC invocations=27 (full 2):
 PSYoungGen      total 21504K, used 576K [0x00000000d5580000, 0x00000000d6e00000, 0x0000000100000000)
  eden space 18944K, 0% used [0x00000000d5580000,0x00000000d5580000,0x00000000d6800000)
  from space 2560K, 22% used [0x00000000d6980000,0x00000000d6a10000,0x00000000d6c00000)
  to   space 1024K, 0% used [0x00000000d6d00000,0x00000000d6d00000,0x00000000d6e00000)
 ParOldGen       total 68608K, used 37657K [0x0000000080000000, 0x0000000084300000, 0x00000000d5580000)
  object space 68608K, 54% used [0x0000000080000000,0x00000000824c64b0,0x0000000084300000)
 Metaspace       used 55770K, committed 57024K, reserved 1114112K
  class space    used 6373K, committed 6912K, reserved 1048576K
}
Event: 13.464 GC heap before
{Heap before GC invocations=28 (full 2):
 PSYoungGen      total 21504K, used 19520K [0x00000000d5580000, 0x00000000d6e00000, 0x0000000100000000)
  eden space 18944K, 100% used [0x00000000d5580000,0x00000000d6800000,0x00000000d6800000)
  from space 2560K, 22% used [0x00000000d6980000,0x00000000d6a10000,0x00000000d6c00000)
  to   space 1024K, 0% used [0x00000000d6d00000,0x00000000d6d00000,0x00000000d6e00000)
 ParOldGen       total 68608K, used 37657K [0x0000000080000000, 0x0000000084300000, 0x00000000d5580000)
  object space 68608K, 54% used [0x0000000080000000,0x00000000824c64b0,0x0000000084300000)
 Metaspace       used 55793K, committed 57024K, reserved 1114112K
  class space    used 6376K, committed 6912K, reserved 1048576K
}
Event: 13.465 GC heap after
{Heap after GC invocations=28 (full 2):
 PSYoungGen      total 19968K, used 736K [0x00000000d5580000, 0x00000000d6e00000, 0x0000000100000000)
  eden space 18944K, 0% used [0x00000000d5580000,0x00000000d5580000,0x00000000d6800000)
  from space 1024K, 71% used [0x00000000d6d00000,0x00000000d6db8000,0x00000000d6e00000)
  to   space 1024K, 0% used [0x00000000d6c00000,0x00000000d6c00000,0x00000000d6d00000)
 ParOldGen       total 68608K, used 38137K [0x0000000080000000, 0x0000000084300000, 0x00000000d5580000)
  object space 68608K, 55% used [0x0000000080000000,0x000000008253e4b0,0x0000000084300000)
 Metaspace       used 55793K, committed 57024K, reserved 1114112K
  class space    used 6376K, committed 6912K, reserved 1048576K
}
Event: 13.873 GC heap before
{Heap before GC invocations=29 (full 2):
 PSYoungGen      total 19968K, used 19680K [0x00000000d5580000, 0x00000000d6e00000, 0x0000000100000000)
  eden space 18944K, 100% used [0x00000000d5580000,0x00000000d6800000,0x00000000d6800000)
  from space 1024K, 71% used [0x00000000d6d00000,0x00000000d6db8000,0x00000000d6e00000)
  to   space 1024K, 0% used [0x00000000d6c00000,0x00000000d6c00000,0x00000000d6d00000)
 ParOldGen       total 68608K, used 38137K [0x0000000080000000, 0x0000000084300000, 0x00000000d5580000)
  object space 68608K, 55% used [0x0000000080000000,0x000000008253e4b0,0x0000000084300000)
 Metaspace       used 56010K, committed 57216K, reserved 1114112K
  class space    used 6426K, committed 6976K, reserved 1048576K
}
Event: 13.875 GC heap after
{Heap after GC invocations=29 (full 2):
 PSYoungGen      total 19968K, used 992K [0x00000000d5580000, 0x00000000d7200000, 0x0000000100000000)
  eden space 18944K, 0% used [0x00000000d5580000,0x00000000d5580000,0x00000000d6800000)
  from space 1024K, 96% used [0x00000000d6c00000,0x00000000d6cf83f8,0x00000000d6d00000)
  to   space 5120K, 0% used [0x00000000d6d00000,0x00000000d6d00000,0x00000000d7200000)
 ParOldGen       total 68608K, used 41508K [0x0000000080000000, 0x0000000084300000, 0x00000000d5580000)
  object space 68608K, 60% used [0x0000000080000000,0x0000000082889298,0x0000000084300000)
 Metaspace       used 56010K, committed 57216K, reserved 1114112K
  class space    used 6426K, committed 6976K, reserved 1048576K
}
Event: 14.394 GC heap before
{Heap before GC invocations=30 (full 2):
 PSYoungGen      total 19968K, used 19936K [0x00000000d5580000, 0x00000000d7200000, 0x0000000100000000)
  eden space 18944K, 100% used [0x00000000d5580000,0x00000000d6800000,0x00000000d6800000)
  from space 1024K, 96% used [0x00000000d6c00000,0x00000000d6cf83f8,0x00000000d6d00000)
  to   space 5120K, 0% used [0x00000000d6d00000,0x00000000d6d00000,0x00000000d7200000)
 ParOldGen       total 68608K, used 41508K [0x0000000080000000, 0x0000000084300000, 0x00000000d5580000)
  object space 68608K, 60% used [0x0000000080000000,0x0000000082889298,0x0000000084300000)
 Metaspace       used 57909K, committed 59200K, reserved 1114112K
  class space    used 6744K, committed 7296K, reserved 1048576K
}
Event: 14.395 GC heap after
{Heap after GC invocations=30 (full 2):
 PSYoungGen      total 19968K, used 992K [0x00000000d5580000, 0x00000000d6e00000, 0x0000000100000000)
  eden space 18944K, 0% used [0x00000000d5580000,0x00000000d5580000,0x00000000d6800000)
  from space 1024K, 96% used [0x00000000d6d00000,0x00000000d6df8030,0x00000000d6e00000)
  to   space 2560K, 0% used [0x00000000d6900000,0x00000000d6900000,0x00000000d6b80000)
 ParOldGen       total 68608K, used 42519K [0x0000000080000000, 0x0000000084300000, 0x00000000d5580000)
  object space 68608K, 61% used [0x0000000080000000,0x0000000082985c10,0x0000000084300000)
 Metaspace       used 57909K, committed 59200K, reserved 1114112K
  class space    used 6744K, committed 7296K, reserved 1048576K
}
Event: 14.510 GC heap before
{Heap before GC invocations=31 (full 2):
 PSYoungGen      total 19968K, used 6360K [0x00000000d5580000, 0x00000000d6e00000, 0x0000000100000000)
  eden space 18944K, 28% used [0x00000000d5580000,0x00000000d5abe2c0,0x00000000d6800000)
  from space 1024K, 96% used [0x00000000d6d00000,0x00000000d6df8030,0x00000000d6e00000)
  to   space 2560K, 0% used [0x00000000d6900000,0x00000000d6900000,0x00000000d6b80000)
 ParOldGen       total 68608K, used 42519K [0x0000000080000000, 0x0000000084300000, 0x00000000d5580000)
  object space 68608K, 61% used [0x0000000080000000,0x0000000082985c10,0x0000000084300000)
 Metaspace       used 58494K, committed 59776K, reserved 1114112K
  class space    used 6845K, committed 7424K, reserved 1048576K
}
Event: 14.511 GC heap after
{Heap after GC invocations=31 (full 2):
 PSYoungGen      total 21504K, used 448K [0x00000000d5580000, 0x00000000d6d80000, 0x0000000100000000)
  eden space 18944K, 0% used [0x00000000d5580000,0x00000000d5580000,0x00000000d6800000)
  from space 2560K, 17% used [0x00000000d6900000,0x00000000d6970000,0x00000000d6b80000)
  to   space 1024K, 0% used [0x00000000d6c80000,0x00000000d6c80000,0x00000000d6d80000)
 ParOldGen       total 68608K, used 43379K [0x0000000080000000, 0x0000000084300000, 0x00000000d5580000)
  object space 68608K, 63% used [0x0000000080000000,0x0000000082a5cf98,0x0000000084300000)
 Metaspace       used 58494K, committed 59776K, reserved 1114112K
  class space    used 6845K, committed 7424K, reserved 1048576K
}
Event: 14.511 GC heap before
{Heap before GC invocations=32 (full 3):
 PSYoungGen      total 21504K, used 448K [0x00000000d5580000, 0x00000000d6d80000, 0x0000000100000000)
  eden space 18944K, 0% used [0x00000000d5580000,0x00000000d5580000,0x00000000d6800000)
  from space 2560K, 17% used [0x00000000d6900000,0x00000000d6970000,0x00000000d6b80000)
  to   space 1024K, 0% used [0x00000000d6c80000,0x00000000d6c80000,0x00000000d6d80000)
 ParOldGen       total 68608K, used 43379K [0x0000000080000000, 0x0000000084300000, 0x00000000d5580000)
  object space 68608K, 63% used [0x0000000080000000,0x0000000082a5cf98,0x0000000084300000)
 Metaspace       used 58494K, committed 59776K, reserved 1114112K
  class space    used 6845K, committed 7424K, reserved 1048576K
}
Event: 14.589 GC heap after
{Heap after GC invocations=32 (full 3):
 PSYoungGen      total 21504K, used 0K [0x00000000d5580000, 0x00000000d6d80000, 0x0000000100000000)
  eden space 18944K, 0% used [0x00000000d5580000,0x00000000d5580000,0x00000000d6800000)
  from space 2560K, 0% used [0x00000000d6900000,0x00000000d6900000,0x00000000d6b80000)
  to   space 1024K, 0% used [0x00000000d6c80000,0x00000000d6c80000,0x00000000d6d80000)
 ParOldGen       total 68608K, used 41421K [0x0000000080000000, 0x0000000084300000, 0x00000000d5580000)
  object space 68608K, 60% used [0x0000000080000000,0x00000000828735e8,0x0000000084300000)
 Metaspace       used 58494K, committed 59776K, reserved 1114112K
  class space    used 6845K, committed 7424K, reserved 1048576K
}
Event: 15.444 GC heap before
{Heap before GC invocations=33 (full 3):
 PSYoungGen      total 21504K, used 18944K [0x00000000d5580000, 0x00000000d6d80000, 0x0000000100000000)
  eden space 18944K, 100% used [0x00000000d5580000,0x00000000d6800000,0x00000000d6800000)
  from space 2560K, 0% used [0x00000000d6900000,0x00000000d6900000,0x00000000d6b80000)
  to   space 1024K, 0% used [0x00000000d6c80000,0x00000000d6c80000,0x00000000d6d80000)
 ParOldGen       total 68608K, used 41421K [0x0000000080000000, 0x0000000084300000, 0x00000000d5580000)
  object space 68608K, 60% used [0x0000000080000000,0x00000000828735e8,0x0000000084300000)
 Metaspace       used 59964K, committed 61248K, reserved 1114112K
  class space    used 7111K, committed 7680K, reserved 1048576K
}
Event: 15.446 GC heap after
{Heap after GC invocations=33 (full 3):
 PSYoungGen      total 19968K, used 832K [0x00000000d5580000, 0x00000000d6d80000, 0x0000000100000000)
  eden space 18944K, 0% used [0x00000000d5580000,0x00000000d5580000,0x00000000d6800000)
  from space 1024K, 81% used [0x00000000d6c80000,0x00000000d6d50000,0x00000000d6d80000)
  to   space 1024K, 0% used [0x00000000d6b80000,0x00000000d6b80000,0x00000000d6c80000)
 ParOldGen       total 68608K, used 41429K [0x0000000080000000, 0x0000000084300000, 0x00000000d5580000)
  object space 68608K, 60% used [0x0000000080000000,0x00000000828755e8,0x0000000084300000)
 Metaspace       used 59964K, committed 61248K, reserved 1114112K
  class space    used 7111K, committed 7680K, reserved 1048576K
}
Event: 15.913 GC heap before
{Heap before GC invocations=34 (full 3):
 PSYoungGen      total 19968K, used 19767K [0x00000000d5580000, 0x00000000d6d80000, 0x0000000100000000)
  eden space 18944K, 99% used [0x00000000d5580000,0x00000000d67fdc08,0x00000000d6800000)
  from space 1024K, 81% used [0x00000000d6c80000,0x00000000d6d50000,0x00000000d6d80000)
  to   space 1024K, 0% used [0x00000000d6b80000,0x00000000d6b80000,0x00000000d6c80000)
 ParOldGen       total 68608K, used 41429K [0x0000000080000000, 0x0000000084300000, 0x00000000d5580000)
  object space 68608K, 60% used [0x0000000080000000,0x00000000828755e8,0x0000000084300000)
 Metaspace       used 61647K, committed 63040K, reserved 1114112K
  class space    used 7381K, committed 7936K, reserved 1048576K
}
Event: 15.916 GC heap after
{Heap after GC invocations=34 (full 3):
 PSYoungGen      total 19968K, used 768K [0x00000000d5580000, 0x00000000d6d00000, 0x0000000100000000)
  eden space 18944K, 0% used [0x00000000d5580000,0x00000000d5580000,0x00000000d6800000)
  from space 1024K, 75% used [0x00000000d6b80000,0x00000000d6c40010,0x00000000d6c80000)
  to   space 512K, 0% used [0x00000000d6c80000,0x00000000d6c80000,0x00000000d6d00000)
 ParOldGen       total 68608K, used 41996K [0x0000000080000000, 0x0000000084300000, 0x00000000d5580000)
  object space 68608K, 61% used [0x0000000080000000,0x00000000829032f8,0x0000000084300000)
 Metaspace       used 61647K, committed 63040K, reserved 1114112K
  class space    used 7381K, committed 7936K, reserved 1048576K
}

